2020-02-22 15:02:44,885 - INFO - api_test_scene.py[line:28] - test_add_commodity - 开始执行合作伙伴添加商品
2020-02-22 15:03:45,427 - INFO - api_base.py[line:168] - add_session - token已添加到heder
2020-02-22 15:03:45,494 - INFO - api_base.py[line:69] - get_url - 获取url路径成功，地址第：http://120.52.157.131:58080/apis/zznode-flow/businessApi/queryTaskList?pageSize=10&pageNum=1&businessName&businessCode=02&taskName=1
2020-02-22 15:03:45,494 - INFO - api_base.py[line:149] - set_dict - 参数格式化成功
2020-02-22 15:03:46,010 - INFO - api_base.py[line:123] - get_assert - 断言信息获取成功：response_json["mess"]
2020-02-22 15:03:46,027 - INFO - api_base.py[line:123] - get_assert - 断言信息获取成功：SUCCESS
2020-02-22 15:03:46,028 - INFO - api_base.py[line:191] - run_get - 断言成功第9页的1行
2020-02-22 15:03:46,028 - INFO - api_base.py[line:193] - run_get - get请求成功
2020-02-22 15:03:46,041 - INFO - api_base.py[line:69] - get_url - 获取url路径成功，地址第：http://120.52.157.131:58080/apis/zznode-flow/businessApi/queryTaskList?pageSize=10&pageNum=1&businessName&businessCode=02&taskName=1
2020-02-22 15:03:46,041 - INFO - api_base.py[line:149] - set_dict - 参数格式化成功
2020-02-22 15:03:46,443 - INFO - api_base.py[line:123] - get_assert - 断言信息获取成功：response_json["mess"]
2020-02-22 15:03:46,463 - INFO - api_base.py[line:123] - get_assert - 断言信息获取成功：SUCCESS
2020-02-22 15:03:46,464 - INFO - api_base.py[line:191] - run_get - 断言成功第9页的2行
2020-02-22 15:03:46,464 - INFO - api_base.py[line:193] - run_get - get请求成功
2020-02-22 15:03:46,478 - INFO - api_base.py[line:69] - get_url - 获取url路径成功，地址第：http://120.52.157.131:58080/apis/zznode-flow/businessApi/queryTaskList?pageSize=10&pageNum=1&businessName&businessCode=02&taskName=1
2020-02-22 15:03:46,478 - INFO - api_base.py[line:149] - set_dict - 参数格式化成功
2020-02-22 15:03:46,715 - INFO - api_base.py[line:123] - get_assert - 断言信息获取成功：response_json["mess"]
2020-02-22 15:03:46,721 - INFO - api_base.py[line:123] - get_assert - 断言信息获取成功：SUCCESS
2020-02-22 15:03:46,721 - INFO - api_base.py[line:191] - run_get - 断言成功第9页的3行
2020-02-22 15:03:46,721 - INFO - api_base.py[line:193] - run_get - get请求成功
2020-02-22 15:03:46,727 - INFO - api_base.py[line:69] - get_url - 获取url路径成功，地址第：http://120.52.157.131:58080/apis/zznode-flow/businessApi/queryTaskList?pageSize=10&pageNum=1&businessName&businessCode=02&taskName=1
2020-02-22 15:03:46,727 - INFO - api_base.py[line:149] - set_dict - 参数格式化成功
2020-02-22 15:03:46,940 - INFO - api_base.py[line:123] - get_assert - 断言信息获取成功：response_json["mess"]
2020-02-22 15:03:46,946 - INFO - api_base.py[line:123] - get_assert - 断言信息获取成功：SUCCESS
2020-02-22 15:03:46,947 - INFO - api_base.py[line:191] - run_get - 断言成功第9页的4行
2020-02-22 15:03:46,947 - INFO - api_base.py[line:193] - run_get - get请求成功
2020-02-22 15:03:46,954 - INFO - api_base.py[line:69] - get_url - 获取url路径成功，地址第：http://120.52.157.131:58080/apis/zznode-flow/businessApi/queryTaskList?pageSize=10&pageNum=1&businessName&businessCode=02&taskName=1
2020-02-22 15:03:46,954 - INFO - api_base.py[line:149] - set_dict - 参数格式化成功
2020-02-22 15:03:47,182 - INFO - api_base.py[line:123] - get_assert - 断言信息获取成功：response_json["mess"]
2020-02-22 15:03:47,191 - INFO - api_base.py[line:123] - get_assert - 断言信息获取成功：SUCCESS
2020-02-22 15:03:47,191 - INFO - api_base.py[line:191] - run_get - 断言成功第9页的5行
2020-02-22 15:03:47,191 - INFO - api_base.py[line:193] - run_get - get请求成功
2020-02-22 15:03:47,191 - INFO - api_base.py[line:101] - get_data - 参数读取成功
2020-02-22 15:03:47,369 - INFO - api_base.py[line:168] - add_session - token已添加到heder
2020-02-22 15:03:47,395 - INFO - api_base.py[line:69] - get_url - 获取url路径成功，地址第：http://120.52.157.131:58080/apis/zznode-flow/colloutManager/pageListByVo
2020-02-22 15:03:47,491 - INFO - api_base.py[line:123] - get_assert - 断言信息获取成功：response_json["resultStat"]
2020-02-22 15:03:47,503 - INFO - api_base.py[line:123] - get_assert - 断言信息获取成功：SUCCESS
2020-02-22 15:03:47,503 - INFO - api_base.py[line:238] - run_post_json - 调用第1行，命令是：response_json["resultStat"]，预期结果是：SUCCESS
2020-02-22 15:03:47,503 - INFO - api_base.py[line:241] - run_post_json - {'callBack': None, 'data': {'rows': [{'coAdjunct': {'adjunct': {'createTime': '2020-02-21 23:23:21', 'fileCode': '2TJmO5dy', 'fileFormat': '.png', 'fileName': 'file_zon532Qi.png', 'filePath': '/home/ftp/files/202002/799200221232321MjIJW.png', 'fileSize': 70546, 'fileUrl': '202002/799200221232321MjIJW.png', 'id': 5543}, 'collOutcomesId': None, 'createTime': '2020-02-21 23:25:08', 'description': None, 'id': 415, 'type': '其他'}, 'coLabel': {'collOutcomesId': None, 'id': 416, 'label': {'createTime': None, 'id': 1162, 'labelCode': None, 'labelLevel': None, 'labelName': '大数据局', 'labelParentCode': None, 'labelType': None, 'lastUpdateDate': None, 'lastUpdatedBy': None, 'remarks': None}, 'labelCode': 'DSJJNbBW', 'labelType': '行业'}, 'companyLoginName': 'kh-laoji008', 'companyName': '北京盛世', 'contractAmount': 11, 'contractCode': 'CTC-2020-110', 'contractName': '自动化-2020', 'contractStatus': '履行中', 'contractType': '铁塔为委托方', 'createTime': '2020-02-21 23:23:23', 'customerName': None, 'failureTime': '2020-02-15 00:00:00', 'id': 410, 'isAdopted': True, 'isFrameContract': '是', 'managerLoginName': 'qiaolin', 'operator': None, 'opinion': '同意', 'orders': [{'businessCode': None, 'collOutcomesId': None, 'contractCode': None, 'expandBusinessCode': None, 'id': 417, 'isAdopted': True, 'materialName': '110', 'orderAmount': 100, 'orderCode': '0001', 'orderPaymentStatus': '已付款', 'orderSource': None, 'orgName': '北京', 'supplierName': '北京纵横'}], 'orgCode': '110001', 'orgName': '北京市分公司', 'processInstId': None, 'signSealTime': '2020-02-02 00:00:00', 'status': '通过', 'takeEffectTime': '2020-02-02 00:00:00'}], 'total': 1}, 'mess': '', 'redirectURL': None, 'resultStat': 'SUCCESS'}
2020-02-22 15:03:47,518 - INFO - api_base.py[line:242] - run_post_json - {"callBack":null,"data":{"rows":[{"coAdjunct":{"adjunct":{"createTime":"2020-02-21 23:23:21","fileCode":"2TJmO5dy","fileFormat":".png","fileName":"file_zon532Qi.png","filePath":"/home/ftp/files/202002/799200221232321MjIJW.png","fileSize":70546,"fileUrl":"202002/799200221232321MjIJW.png","id":5543},"collOutcomesId":null,"createTime":"2020-02-21 23:25:08","description":null,"id":415,"type":"其他"},"coLabel":{"collOutcomesId":null,"id":416,"label":{"createTime":null,"id":1162,"labelCode":null,"labelLevel":null,"labelName":"大数据局","labelParentCode":null,"labelType":null,"lastUpdateDate":null,"lastUpdatedBy":null,"remarks":null},"labelCode":"DSJJNbBW","labelType":"行业"},"companyLoginName":"kh-laoji008","companyName":"北京盛世","contractAmount":11,"contractCode":"CTC-2020-110","contractName":"自动化-2020","contractStatus":"履行中","contractType":"铁塔为委托方","createTime":"2020-02-21 23:23:23","customerName":null,"failureTime":"2020-02-15 00:00:00","id":410,"isAdopted":true,"isFrameContract":"是","managerLoginName":"qiaolin","operator":null,"opinion":"同意","orders":[{"businessCode":null,"collOutcomesId":null,"contractCode":null,"expandBusinessCode":null,"id":417,"isAdopted":true,"materialName":"110","orderAmount":100,"orderCode":"0001","orderPaymentStatus":"已付款","orderSource":null,"orgName":"北京","supplierName":"北京纵横"}],"orgCode":"110001","orgName":"北京市分公司","processInstId":null,"signSealTime":"2020-02-02 00:00:00","status":"通过","takeEffectTime":"2020-02-02 00:00:00"}],"total":1},"mess":"","redirectURL":null,"resultStat":"SUCCESS"}
2020-02-22 15:03:47,526 - INFO - api_base.py[line:249] - run_post_json - 断言成功第11页的1行
2020-02-22 15:03:47,526 - INFO - api_base.py[line:251] - run_post_json - post请求成功
2020-02-22 15:03:47,572 - INFO - api_base.py[line:123] - get_assert - 断言信息获取成功：response_json["mess"]
2020-02-22 15:03:47,579 - INFO - api_base.py[line:123] - get_assert - 断言信息获取成功：暂无查看权限
2020-02-22 15:03:47,580 - INFO - api_base.py[line:238] - run_post_json - 调用第2行，命令是：response_json["mess"]，预期结果是：暂无查看权限
2020-02-22 15:03:47,580 - INFO - api_base.py[line:241] - run_post_json - {'callBack': None, 'data': None, 'mess': '暂无查看权限', 'redirectURL': None, 'resultStat': 'ERROR'}
2020-02-22 15:03:47,581 - INFO - api_base.py[line:242] - run_post_json - {"callBack":null,"data":null,"mess":"暂无查看权限","redirectURL":null,"resultStat":"ERROR"}
2020-02-22 15:03:47,581 - INFO - api_base.py[line:249] - run_post_json - 断言成功第11页的2行
2020-02-22 15:03:47,582 - INFO - api_base.py[line:251] - run_post_json - post请求成功
2020-02-22 15:03:47,668 - INFO - api_base.py[line:123] - get_assert - 断言信息获取成功：response_json["resultStat"]
2020-02-22 15:03:47,674 - INFO - api_base.py[line:123] - get_assert - 断言信息获取成功：SUCCESS
2020-02-22 15:03:47,674 - INFO - api_base.py[line:238] - run_post_json - 调用第3行，命令是：response_json["resultStat"]，预期结果是：SUCCESS
2020-02-22 15:03:47,674 - INFO - api_base.py[line:241] - run_post_json - {'callBack': None, 'data': {'rows': [{'coAdjunct': {'adjunct': {'createTime': '2020-02-21 23:23:21', 'fileCode': '2TJmO5dy', 'fileFormat': '.png', 'fileName': 'file_zon532Qi.png', 'filePath': '/home/ftp/files/202002/799200221232321MjIJW.png', 'fileSize': 70546, 'fileUrl': '202002/799200221232321MjIJW.png', 'id': 5543}, 'collOutcomesId': None, 'createTime': '2020-02-21 23:25:08', 'description': None, 'id': 415, 'type': '其他'}, 'coLabel': {'collOutcomesId': None, 'id': 416, 'label': {'createTime': None, 'id': 1162, 'labelCode': None, 'labelLevel': None, 'labelName': '大数据局', 'labelParentCode': None, 'labelType': None, 'lastUpdateDate': None, 'lastUpdatedBy': None, 'remarks': None}, 'labelCode': 'DSJJNbBW', 'labelType': '行业'}, 'companyLoginName': 'kh-laoji008', 'companyName': '北京盛世', 'contractAmount': 11, 'contractCode': 'CTC-2020-110', 'contractName': '自动化-2020', 'contractStatus': '履行中', 'contractType': '铁塔为委托方', 'createTime': '2020-02-21 23:23:23', 'customerName': None, 'failureTime': '2020-02-15 00:00:00', 'id': 410, 'isAdopted': True, 'isFrameContract': '是', 'managerLoginName': 'qiaolin', 'operator': None, 'opinion': '同意', 'orders': [{'businessCode': None, 'collOutcomesId': None, 'contractCode': None, 'expandBusinessCode': None, 'id': 417, 'isAdopted': True, 'materialName': '110', 'orderAmount': 100, 'orderCode': '0001', 'orderPaymentStatus': '已付款', 'orderSource': None, 'orgName': '北京', 'supplierName': '北京纵横'}], 'orgCode': '110001', 'orgName': '北京市分公司', 'processInstId': None, 'signSealTime': '2020-02-02 00:00:00', 'status': '通过', 'takeEffectTime': '2020-02-02 00:00:00'}], 'total': 1}, 'mess': '', 'redirectURL': None, 'resultStat': 'SUCCESS'}
2020-02-22 15:03:47,680 - INFO - api_base.py[line:242] - run_post_json - {"callBack":null,"data":{"rows":[{"coAdjunct":{"adjunct":{"createTime":"2020-02-21 23:23:21","fileCode":"2TJmO5dy","fileFormat":".png","fileName":"file_zon532Qi.png","filePath":"/home/ftp/files/202002/799200221232321MjIJW.png","fileSize":70546,"fileUrl":"202002/799200221232321MjIJW.png","id":5543},"collOutcomesId":null,"createTime":"2020-02-21 23:25:08","description":null,"id":415,"type":"其他"},"coLabel":{"collOutcomesId":null,"id":416,"label":{"createTime":null,"id":1162,"labelCode":null,"labelLevel":null,"labelName":"大数据局","labelParentCode":null,"labelType":null,"lastUpdateDate":null,"lastUpdatedBy":null,"remarks":null},"labelCode":"DSJJNbBW","labelType":"行业"},"companyLoginName":"kh-laoji008","companyName":"北京盛世","contractAmount":11,"contractCode":"CTC-2020-110","contractName":"自动化-2020","contractStatus":"履行中","contractType":"铁塔为委托方","createTime":"2020-02-21 23:23:23","customerName":null,"failureTime":"2020-02-15 00:00:00","id":410,"isAdopted":true,"isFrameContract":"是","managerLoginName":"qiaolin","operator":null,"opinion":"同意","orders":[{"businessCode":null,"collOutcomesId":null,"contractCode":null,"expandBusinessCode":null,"id":417,"isAdopted":true,"materialName":"110","orderAmount":100,"orderCode":"0001","orderPaymentStatus":"已付款","orderSource":null,"orgName":"北京","supplierName":"北京纵横"}],"orgCode":"110001","orgName":"北京市分公司","processInstId":null,"signSealTime":"2020-02-02 00:00:00","status":"通过","takeEffectTime":"2020-02-02 00:00:00"}],"total":1},"mess":"","redirectURL":null,"resultStat":"SUCCESS"}
2020-02-22 15:03:47,687 - INFO - api_base.py[line:249] - run_post_json - 断言成功第11页的3行
2020-02-22 15:03:47,687 - INFO - api_base.py[line:251] - run_post_json - post请求成功
2020-02-22 15:03:47,792 - INFO - api_base.py[line:123] - get_assert - 断言信息获取成功：response_json["resultStat"]
2020-02-22 15:03:47,805 - INFO - api_base.py[line:123] - get_assert - 断言信息获取成功：SUCCESS
2020-02-22 15:03:47,806 - INFO - api_base.py[line:238] - run_post_json - 调用第4行，命令是：response_json["resultStat"]，预期结果是：SUCCESS
2020-02-22 15:03:47,806 - INFO - api_base.py[line:241] - run_post_json - {'callBack': None, 'data': {'rows': [{'coAdjunct': {'adjunct': {'createTime': '2020-02-21 23:23:21', 'fileCode': '2TJmO5dy', 'fileFormat': '.png', 'fileName': 'file_zon532Qi.png', 'filePath': '/home/ftp/files/202002/799200221232321MjIJW.png', 'fileSize': 70546, 'fileUrl': '202002/799200221232321MjIJW.png', 'id': 5543}, 'collOutcomesId': None, 'createTime': '2020-02-21 23:25:08', 'description': None, 'id': 415, 'type': '其他'}, 'coLabel': {'collOutcomesId': None, 'id': 416, 'label': {'createTime': None, 'id': 1162, 'labelCode': None, 'labelLevel': None, 'labelName': '大数据局', 'labelParentCode': None, 'labelType': None, 'lastUpdateDate': None, 'lastUpdatedBy': None, 'remarks': None}, 'labelCode': 'DSJJNbBW', 'labelType': '行业'}, 'companyLoginName': 'kh-laoji008', 'companyName': '北京盛世', 'contractAmount': 11, 'contractCode': 'CTC-2020-110', 'contractName': '自动化-2020', 'contractStatus': '履行中', 'contractType': '铁塔为委托方', 'createTime': '2020-02-21 23:23:23', 'customerName': None, 'failureTime': '2020-02-15 00:00:00', 'id': 410, 'isAdopted': True, 'isFrameContract': '是', 'managerLoginName': 'qiaolin', 'operator': None, 'opinion': '同意', 'orders': [{'businessCode': None, 'collOutcomesId': None, 'contractCode': None, 'expandBusinessCode': None, 'id': 417, 'isAdopted': True, 'materialName': '110', 'orderAmount': 100, 'orderCode': '0001', 'orderPaymentStatus': '已付款', 'orderSource': None, 'orgName': '北京', 'supplierName': '北京纵横'}], 'orgCode': '110001', 'orgName': '北京市分公司', 'processInstId': None, 'signSealTime': '2020-02-02 00:00:00', 'status': '通过', 'takeEffectTime': '2020-02-02 00:00:00'}], 'total': 1}, 'mess': '', 'redirectURL': None, 'resultStat': 'SUCCESS'}
2020-02-22 15:03:47,819 - INFO - api_base.py[line:242] - run_post_json - {"callBack":null,"data":{"rows":[{"coAdjunct":{"adjunct":{"createTime":"2020-02-21 23:23:21","fileCode":"2TJmO5dy","fileFormat":".png","fileName":"file_zon532Qi.png","filePath":"/home/ftp/files/202002/799200221232321MjIJW.png","fileSize":70546,"fileUrl":"202002/799200221232321MjIJW.png","id":5543},"collOutcomesId":null,"createTime":"2020-02-21 23:25:08","description":null,"id":415,"type":"其他"},"coLabel":{"collOutcomesId":null,"id":416,"label":{"createTime":null,"id":1162,"labelCode":null,"labelLevel":null,"labelName":"大数据局","labelParentCode":null,"labelType":null,"lastUpdateDate":null,"lastUpdatedBy":null,"remarks":null},"labelCode":"DSJJNbBW","labelType":"行业"},"companyLoginName":"kh-laoji008","companyName":"北京盛世","contractAmount":11,"contractCode":"CTC-2020-110","contractName":"自动化-2020","contractStatus":"履行中","contractType":"铁塔为委托方","createTime":"2020-02-21 23:23:23","customerName":null,"failureTime":"2020-02-15 00:00:00","id":410,"isAdopted":true,"isFrameContract":"是","managerLoginName":"qiaolin","operator":null,"opinion":"同意","orders":[{"businessCode":null,"collOutcomesId":null,"contractCode":null,"expandBusinessCode":null,"id":417,"isAdopted":true,"materialName":"110","orderAmount":100,"orderCode":"0001","orderPaymentStatus":"已付款","orderSource":null,"orgName":"北京","supplierName":"北京纵横"}],"orgCode":"110001","orgName":"北京市分公司","processInstId":null,"signSealTime":"2020-02-02 00:00:00","status":"通过","takeEffectTime":"2020-02-02 00:00:00"}],"total":1},"mess":"","redirectURL":null,"resultStat":"SUCCESS"}
2020-02-22 15:03:47,826 - INFO - api_base.py[line:249] - run_post_json - 断言成功第11页的4行
2020-02-22 15:03:47,826 - INFO - api_base.py[line:251] - run_post_json - post请求成功
2020-02-22 15:03:47,866 - INFO - api_base.py[line:123] - get_assert - 断言信息获取成功：response_json["mess"]
2020-02-22 15:03:47,873 - INFO - api_base.py[line:123] - get_assert - 断言信息获取成功：暂无查看权限
2020-02-22 15:03:47,873 - INFO - api_base.py[line:238] - run_post_json - 调用第5行，命令是：response_json["mess"]，预期结果是：暂无查看权限
2020-02-22 15:03:47,873 - INFO - api_base.py[line:241] - run_post_json - {'callBack': None, 'data': None, 'mess': '暂无查看权限', 'redirectURL': None, 'resultStat': 'ERROR'}
2020-02-22 15:03:47,874 - INFO - api_base.py[line:242] - run_post_json - {"callBack":null,"data":null,"mess":"暂无查看权限","redirectURL":null,"resultStat":"ERROR"}
2020-02-22 15:03:47,875 - INFO - api_base.py[line:249] - run_post_json - 断言成功第11页的5行
2020-02-22 15:03:47,875 - INFO - api_base.py[line:251] - run_post_json - post请求成功
2020-02-22 15:03:47,966 - INFO - api_base.py[line:123] - get_assert - 断言信息获取成功：response_json["resultStat"]
2020-02-22 15:03:47,974 - INFO - api_base.py[line:123] - get_assert - 断言信息获取成功：SUCCESS
2020-02-22 15:03:47,975 - INFO - api_base.py[line:238] - run_post_json - 调用第6行，命令是：response_json["resultStat"]，预期结果是：SUCCESS
2020-02-22 15:03:47,975 - INFO - api_base.py[line:241] - run_post_json - {'callBack': None, 'data': {'rows': [{'coAdjunct': {'adjunct': {'createTime': '2020-02-21 23:23:21', 'fileCode': '2TJmO5dy', 'fileFormat': '.png', 'fileName': 'file_zon532Qi.png', 'filePath': '/home/ftp/files/202002/799200221232321MjIJW.png', 'fileSize': 70546, 'fileUrl': '202002/799200221232321MjIJW.png', 'id': 5543}, 'collOutcomesId': None, 'createTime': '2020-02-21 23:25:08', 'description': None, 'id': 415, 'type': '其他'}, 'coLabel': {'collOutcomesId': None, 'id': 416, 'label': {'createTime': None, 'id': 1162, 'labelCode': None, 'labelLevel': None, 'labelName': '大数据局', 'labelParentCode': None, 'labelType': None, 'lastUpdateDate': None, 'lastUpdatedBy': None, 'remarks': None}, 'labelCode': 'DSJJNbBW', 'labelType': '行业'}, 'companyLoginName': 'kh-laoji008', 'companyName': '北京盛世', 'contractAmount': 11, 'contractCode': 'CTC-2020-110', 'contractName': '自动化-2020', 'contractStatus': '履行中', 'contractType': '铁塔为委托方', 'createTime': '2020-02-21 23:23:23', 'customerName': None, 'failureTime': '2020-02-15 00:00:00', 'id': 410, 'isAdopted': True, 'isFrameContract': '是', 'managerLoginName': 'qiaolin', 'operator': None, 'opinion': '同意', 'orders': [{'businessCode': None, 'collOutcomesId': None, 'contractCode': None, 'expandBusinessCode': None, 'id': 417, 'isAdopted': True, 'materialName': '110', 'orderAmount': 100, 'orderCode': '0001', 'orderPaymentStatus': '已付款', 'orderSource': None, 'orgName': '北京', 'supplierName': '北京纵横'}], 'orgCode': '110001', 'orgName': '北京市分公司', 'processInstId': None, 'signSealTime': '2020-02-02 00:00:00', 'status': '通过', 'takeEffectTime': '2020-02-02 00:00:00'}, {'coAdjunct': {'adjunct': {'createTime': '2020-02-11 23:09:43', 'fileCode': 'NSwc3rP3', 'fileFormat': '.png', 'fileName': '6.png', 'filePath': '/home/ftp/files/202002/516200211230943GTMgP.png', 'fileSize': 24255, 'fileUrl': '202002/516200211230943GTMgP.png', 'id': 5125}, 'collOutcomesId': None, 'createTime': '2020-02-11 23:10:04', 'description': None, 'id': 298, 'type': '其他'}, 'coLabel': {'collOutcomesId': None, 'id': 299, 'label': {'createTime': None, 'id': 1162, 'labelCode': None, 'labelLevel': None, 'labelName': '大数据局', 'labelParentCode': None, 'labelType': None, 'lastUpdateDate': None, 'lastUpdatedBy': None, 'remarks': None}, 'labelCode': 'DSJJNbBW', 'labelType': '行业'}, 'companyLoginName': 'kh-laoji008', 'companyName': '北京盛世', 'contractAmount': 11, 'contractCode': '2013', 'contractName': '1111', 'contractStatus': '履行中', 'contractType': '铁塔为委托方', 'createTime': '2020-02-11 23:10:04', 'customerName': None, 'failureTime': '2020-02-11 00:00:00', 'id': 297, 'isAdopted': False, 'isFrameContract': '是', 'managerLoginName': 'qiaolin', 'operator': None, 'opinion': None, 'orders': [], 'orgCode': '110001', 'orgName': '北京市分公司', 'processInstId': 300242640, 'signSealTime': '2020-02-12 00:00:00', 'status': '待审核', 'takeEffectTime': '2020-02-11 00:00:00'}], 'total': 2}, 'mess': '', 'redirectURL': None, 'resultStat': 'SUCCESS'}
2020-02-22 15:03:47,985 - INFO - api_base.py[line:242] - run_post_json - {"callBack":null,"data":{"rows":[{"coAdjunct":{"adjunct":{"createTime":"2020-02-21 23:23:21","fileCode":"2TJmO5dy","fileFormat":".png","fileName":"file_zon532Qi.png","filePath":"/home/ftp/files/202002/799200221232321MjIJW.png","fileSize":70546,"fileUrl":"202002/799200221232321MjIJW.png","id":5543},"collOutcomesId":null,"createTime":"2020-02-21 23:25:08","description":null,"id":415,"type":"其他"},"coLabel":{"collOutcomesId":null,"id":416,"label":{"createTime":null,"id":1162,"labelCode":null,"labelLevel":null,"labelName":"大数据局","labelParentCode":null,"labelType":null,"lastUpdateDate":null,"lastUpdatedBy":null,"remarks":null},"labelCode":"DSJJNbBW","labelType":"行业"},"companyLoginName":"kh-laoji008","companyName":"北京盛世","contractAmount":11,"contractCode":"CTC-2020-110","contractName":"自动化-2020","contractStatus":"履行中","contractType":"铁塔为委托方","createTime":"2020-02-21 23:23:23","customerName":null,"failureTime":"2020-02-15 00:00:00","id":410,"isAdopted":true,"isFrameContract":"是","managerLoginName":"qiaolin","operator":null,"opinion":"同意","orders":[{"businessCode":null,"collOutcomesId":null,"contractCode":null,"expandBusinessCode":null,"id":417,"isAdopted":true,"materialName":"110","orderAmount":100,"orderCode":"0001","orderPaymentStatus":"已付款","orderSource":null,"orgName":"北京","supplierName":"北京纵横"}],"orgCode":"110001","orgName":"北京市分公司","processInstId":null,"signSealTime":"2020-02-02 00:00:00","status":"通过","takeEffectTime":"2020-02-02 00:00:00"},{"coAdjunct":{"adjunct":{"createTime":"2020-02-11 23:09:43","fileCode":"NSwc3rP3","fileFormat":".png","fileName":"6.png","filePath":"/home/ftp/files/202002/516200211230943GTMgP.png","fileSize":24255,"fileUrl":"202002/516200211230943GTMgP.png","id":5125},"collOutcomesId":null,"createTime":"2020-02-11 23:10:04","description":null,"id":298,"type":"其他"},"coLabel":{"collOutcomesId":null,"id":299,"label":{"createTime":null,"id":1162,"labelCode":null,"labelLevel":null,"labelName":"大数据局","labelParentCode":null,"labelType":null,"lastUpdateDate":null,"lastUpdatedBy":null,"remarks":null},"labelCode":"DSJJNbBW","labelType":"行业"},"companyLoginName":"kh-laoji008","companyName":"北京盛世","contractAmount":11,"contractCode":"2013","contractName":"1111","contractStatus":"履行中","contractType":"铁塔为委托方","createTime":"2020-02-11 23:10:04","customerName":null,"failureTime":"2020-02-11 00:00:00","id":297,"isAdopted":false,"isFrameContract":"是","managerLoginName":"qiaolin","operator":null,"opinion":null,"orders":[],"orgCode":"110001","orgName":"北京市分公司","processInstId":300242640,"signSealTime":"2020-02-12 00:00:00","status":"待审核","takeEffectTime":"2020-02-11 00:00:00"}],"total":2},"mess":"","redirectURL":null,"resultStat":"SUCCESS"}
2020-02-22 15:03:47,994 - INFO - api_base.py[line:249] - run_post_json - 断言成功第11页的6行
2020-02-22 15:03:47,994 - INFO - api_base.py[line:251] - run_post_json - post请求成功
